# JRE version: OpenJDK Runtime Environment (8.0_152-b02) (build 1.8.0_152-release-1024-b02)
# Java VM: OpenJDK 64-Bit Server VM (25.152-b02 mixed mode windows-amd64 compressed oops)
Heap:
 PSYoungGen      total 20480K, used 14076K [0x00000000e0000000, 0x00000000e1980000, 0x0000000100000000)
  eden space 14848K, 81% used [0x00000000e0000000,0x00000000e0bc4e78,0x00000000e0e80000)
  from space 5632K, 35% used [0x00000000e0e80000,0x00000000e107a470,0x00000000e1400000)
  to   space 5632K, 0% used [0x00000000e1400000,0x00000000e1400000,0x00000000e1980000)
 ParOldGen       total 25088K, used 8402K [0x00000000a0000000, 0x00000000a1880000, 0x00000000e0000000)
  object space 25088K, 33% used [0x00000000a0000000,0x00000000a0834b58,0x00000000a1880000)
 Metaspace       used 26267K, capacity 26778K, committed 26880K, reserved 1073152K
  class space    used 3587K, capacity 3763K, committed 3840K, reserved 1048576K
GC Heap History (10 events):
Event: 44.488 GC heap before
{Heap before GC invocations=10 (full 0):
 PSYoungGen      total 20480K, used 5139K [0x00000000e0000000, 0x00000000e1900000, 0x0000000100000000)
  eden space 15360K, 9% used [0x00000000e0000000,0x00000000e015dca8,0x00000000e0f00000)
  from space 5120K, 73% used [0x00000000e0f00000,0x00000000e12a7030,0x00000000e1400000)
  to   space 5120K, 0% used [0x00000000e1400000,0x00000000e1400000,0x00000000e1900000)
 ParOldGen       total 42496K, used 7459K [0x00000000a0000000, 0x00000000a2980000, 0x00000000e0000000)
  object space 42496K, 17% used [0x00000000a0000000,0x00000000a0748ee8,0x00000000a2980000)
 Metaspace       used 20815K, capacity 21184K, committed 21248K, reserved 1067008K
  class space    used 2897K, capacity 3038K, committed 3072K, reserved 1048576K
Event: 44.492 GC heap after
Heap after GC invocations=10 (full 0):
 PSYoungGen      total 19968K, used 1714K [0x00000000e0000000, 0x00000000e1a00000, 0x0000000100000000)
  eden space 14848K, 0% used [0x00000000e0000000,0x00000000e0000000,0x00000000e0e80000)
  from space 5120K, 33% used [0x00000000e1400000,0x00000000e15ac980,0x00000000e1900000)
  to   space 5632K, 0% used [0x00000000e0e80000,0x00000000e0e80000,0x00000000e1400000)
 ParOldGen       total 42496K, used 8627K [0x00000000a0000000, 0x00000000a2980000, 0x00000000e0000000)
  object space 42496K, 20% used [0x00000000a0000000,0x00000000a086cdb8,0x00000000a2980000)
 Metaspace       used 20815K, capacity 21184K, committed 21248K, reserved 1067008K
  class space    used 2897K, capacity 3038K, committed 3072K, reserved 1048576K
}
Event: 44.492 GC heap before
{Heap before GC invocations=11 (full 1):
 PSYoungGen      total 19968K, used 1714K [0x00000000e0000000, 0x00000000e1a00000, 0x0000000100000000)
  eden space 14848K, 0% used [0x00000000e0000000,0x00000000e0000000,0x00000000e0e80000)
  from space 5120K, 33% used [0x00000000e1400000,0x00000000e15ac980,0x00000000e1900000)
  to   space 5632K, 0% used [0x00000000e0e80000,0x00000000e0e80000,0x00000000e1400000)
 ParOldGen       total 42496K, used 8627K [0x00000000a0000000, 0x00000000a2980000, 0x00000000e0000000)
  object space 42496K, 20% used [0x00000000a0000000,0x00000000a086cdb8,0x00000000a2980000)
 Metaspace       used 20815K, capacity 21184K, committed 21248K, reserved 1067008K
  class space    used 2897K, capacity 3038K, committed 3072K, reserved 1048576K
Event: 44.615 GC heap after
Heap after GC invocations=11 (full 1):
 PSYoungGen      total 19968K, used 0K [0x00000000e0000000, 0x00000000e1a00000, 0x0000000100000000)
  eden space 14848K, 0% used [0x00000000e0000000,0x00000000e0000000,0x00000000e0e80000)
  from space 5120K, 0% used [0x00000000e1400000,0x00000000e1400000,0x00000000e1900000)
  to   space 5632K, 0% used [0x00000000e0e80000,0x00000000e0e80000,0x00000000e1400000)
 ParOldGen       total 25088K, used 6818K [0x00000000a0000000, 0x00000000a1880000, 0x00000000e0000000)
  object space 25088K, 27% used [0x00000000a0000000,0x00000000a06a8ac8,0x00000000a1880000)
 Metaspace       used 20815K, capacity 21184K, committed 21248K, reserved 1067008K
  class space    used 2897K, capacity 3038K, committed 3072K, reserved 1048576K
}
Event: 45.835 GC heap before
{Heap before GC invocations=12 (full 1):
 PSYoungGen      total 19968K, used 14848K [0x00000000e0000000, 0x00000000e1a00000, 0x0000000100000000)
  eden space 14848K, 100% used [0x00000000e0000000,0x00000000e0e80000,0x00000000e0e80000)
  from space 5120K, 0% used [0x00000000e1400000,0x00000000e1400000,0x00000000e1900000)
  to   space 5632K, 0% used [0x00000000e0e80000,0x00000000e0e80000,0x00000000e1400000)
 ParOldGen       total 25088K, used 6818K [0x00000000a0000000, 0x00000000a1880000, 0x00000000e0000000)
  object space 25088K, 27% used [0x00000000a0000000,0x00000000a06a8ac8,0x00000000a1880000)
 Metaspace       used 22561K, capacity 23014K, committed 23168K, reserved 1069056K
  class space    used 3062K, capacity 3200K, committed 3200K, reserved 1048576K
Event: 45.840 GC heap after
Heap after GC invocations=12 (full 1):
 PSYoungGen      total 20480K, used 1898K [0x00000000e0000000, 0x00000000e1980000, 0x0000000100000000)
  eden space 14848K, 0% used [0x00000000e0000000,0x00000000e0000000,0x00000000e0e80000)
  from space 5632K, 33% used [0x00000000e0e80000,0x00000000e105a838,0x00000000e1400000)
  to   space 5632K, 0% used [0x00000000e1400000,0x00000000e1400000,0x00000000e1980000)
 ParOldGen       total 25088K, used 6826K [0x00000000a0000000, 0x00000000a1880000, 0x00000000e0000000)
  object space 25088K, 27% used [0x00000000a0000000,0x00000000a06aaac8,0x00000000a1880000)
 Metaspace       used 22561K, capacity 23014K, committed 23168K, reserved 1069056K
  class space    used 3062K, capacity 3200K, committed 3200K, reserved 1048576K
}
Event: 46.850 GC heap before
{Heap before GC invocations=13 (full 1):
 PSYoungGen      total 20480K, used 16746K [0x00000000e0000000, 0x00000000e1980000, 0x0000000100000000)
  eden space 14848K, 100% used [0x00000000e0000000,0x00000000e0e80000,0x00000000e0e80000)
  from space 5632K, 33% used [0x00000000e0e80000,0x00000000e105a838,0x00000000e1400000)
  to   space 5632K, 0% used [0x00000000e1400000,0x00000000e1400000,0x00000000e1980000)
 ParOldGen       total 25088K, used 6826K [0x00000000a0000000, 0x00000000a1880000, 0x00000000e0000000)
  object space 25088K, 27% used [0x00000000a0000000,0x00000000a06aaac8,0x00000000a1880000)
 Metaspace       used 23816K, capacity 24208K, committed 24448K, reserved 1071104K
  class space    used 3243K, capacity 3399K, committed 3456K, reserved 1048576K
Event: 46.855 GC heap after
Heap after GC invocations=13 (full 1):
 PSYoungGen      total 20480K, used 1815K [0x00000000e0000000, 0x00000000e1980000, 0x0000000100000000)
  eden space 14848K, 0% used [0x00000000e0000000,0x00000000e0000000,0x00000000e0e80000)
  from space 5632K, 32% used [0x00000000e1400000,0x00000000e15c5da8,0x00000000e1980000)
  to   space 5632K, 0% used [0x00000000e0e80000,0x00000000e0e80000,0x00000000e1400000)
 ParOldGen       total 25088K, used 7882K [0x00000000a0000000, 0x00000000a1880000, 0x00000000e0000000)
  object space 25088K, 31% used [0x00000000a0000000,0x00000000a07b2b18,0x00000000a1880000)
 Metaspace       used 23816K, capacity 24208K, committed 24448K, reserved 1071104K
  class space    used 3243K, capacity 3399K, committed 3456K, reserved 1048576K
}
Event: 47.410 GC heap before
{Heap before GC invocations=14 (full 1):
 PSYoungGen      total 20480K, used 16256K [0x00000000e0000000, 0x00000000e1980000, 0x0000000100000000)
  eden space 14848K, 97% used [0x00000000e0000000,0x00000000e0e1a290,0x00000000e0e80000)
  from space 5632K, 32% used [0x00000000e1400000,0x00000000e15c5da8,0x00000000e1980000)
  to   space 5632K, 0% used [0x00000000e0e80000,0x00000000e0e80000,0x00000000e1400000)
 ParOldGen       total 25088K, used 7882K [0x00000000a0000000, 0x00000000a1880000, 0x00000000e0000000)
  object space 25088K, 31% used [0x00000000a0000000,0x00000000a07b2b18,0x00000000a1880000)
 Metaspace       used 25074K, capacity 25494K, committed 25728K, reserved 1071104K
  class space    used 3461K, capacity 3592K, committed 3712K, reserved 1048576K
Event: 47.415 GC heap after
Heap after GC invocations=14 (full 1):
 PSYoungGen      total 20480K, used 2025K [0x00000000e0000000, 0x00000000e1980000, 0x0000000100000000)
  eden space 14848K, 0% used [0x00000000e0000000,0x00000000e0000000,0x00000000e0e80000)
  from space 5632K, 35% used [0x00000000e0e80000,0x00000000e107a470,0x00000000e1400000)
  to   space 5632K, 0% used [0x00000000e1400000,0x00000000e1400000,0x00000000e1980000)
 ParOldGen       total 25088K, used 8402K [0x00000000a0000000, 0x00000000a1880000, 0x00000000e0000000)
  object space 25088K, 33% used [0x00000000a0000000,0x00000000a0834b58,0x00000000a1880000)
 Metaspace       used 25074K, capacity 25494K, committed 25728K, reserved 1071104K
  class space    used 3461K, capacity 3592K, committed 3712K, reserved 1048576K
}

