# JRE version: OpenJDK Runtime Environment (8.0_152-b02) (build 1.8.0_152-release-1024-b02)
# Java VM: OpenJDK 64-Bit Server VM (25.152-b02 mixed mode windows-amd64 compressed oops)
Heap:
 PSYoungGen      total 62976K, used 16946K [0x00000000e0000000, 0x00000000e5400000, 0x0000000100000000)
  eden space 53760K, 31% used [0x00000000e0000000,0x00000000e108c998,0x00000000e3480000)
  from space 9216K, 0% used [0x00000000e3480000,0x00000000e3480000,0x00000000e3d80000)
  to   space 10240K, 0% used [0x00000000e4a00000,0x00000000e4a00000,0x00000000e5400000)
 ParOldGen       total 60928K, used 16006K [0x00000000a0000000, 0x00000000a3b80000, 0x00000000e0000000)
  object space 60928K, 26% used [0x00000000a0000000,0x00000000a0fa1b80,0x00000000a3b80000)
 Metaspace       used 36227K, capacity 36840K, committed 36952K, reserved 1081344K
  class space    used 4987K, capacity 5202K, committed 5248K, reserved 1048576K
GC Heap History (10 events):
Event: 10.028 GC heap before
{Heap before GC invocations=9 (full 1):
 PSYoungGen      total 36352K, used 30208K [0x00000000e0000000, 0x00000000e4480000, 0x0000000100000000)
  eden space 30208K, 100% used [0x00000000e0000000,0x00000000e1d80000,0x00000000e1d80000)
  from space 6144K, 0% used [0x00000000e3b00000,0x00000000e3b00000,0x00000000e4100000)
  to   space 3584K, 0% used [0x00000000e4100000,0x00000000e4100000,0x00000000e4480000)
 ParOldGen       total 39424K, used 10910K [0x00000000a0000000, 0x00000000a2680000, 0x00000000e0000000)
  object space 39424K, 27% used [0x00000000a0000000,0x00000000a0aa7810,0x00000000a2680000)
 Metaspace       used 23891K, capacity 24368K, committed 24448K, reserved 1071104K
  class space    used 3274K, capacity 3431K, committed 3456K, reserved 1048576K
Event: 10.038 GC heap after
Heap after GC invocations=9 (full 1):
 PSYoungGen      total 47104K, used 3576K [0x00000000e0000000, 0x00000000e4480000, 0x0000000100000000)
  eden space 43520K, 0% used [0x00000000e0000000,0x00000000e0000000,0x00000000e2a80000)
  from space 3584K, 99% used [0x00000000e4100000,0x00000000e447e268,0x00000000e4480000)
  to   space 7680K, 0% used [0x00000000e3580000,0x00000000e3580000,0x00000000e3d00000)
 ParOldGen       total 39424K, used 11041K [0x00000000a0000000, 0x00000000a2680000, 0x00000000e0000000)
  object space 39424K, 28% used [0x00000000a0000000,0x00000000a0ac84b0,0x00000000a2680000)
 Metaspace       used 23891K, capacity 24368K, committed 24448K, reserved 1071104K
  class space    used 3274K, capacity 3431K, committed 3456K, reserved 1048576K
}
Event: 11.637 GC heap before
{Heap before GC invocations=10 (full 1):
 PSYoungGen      total 47104K, used 47096K [0x00000000e0000000, 0x00000000e4480000, 0x0000000100000000)
  eden space 43520K, 100% used [0x00000000e0000000,0x00000000e2a80000,0x00000000e2a80000)
  from space 3584K, 99% used [0x00000000e4100000,0x00000000e447e268,0x00000000e4480000)
  to   space 7680K, 0% used [0x00000000e3580000,0x00000000e3580000,0x00000000e3d00000)
 ParOldGen       total 39424K, used 11041K [0x00000000a0000000, 0x00000000a2680000, 0x00000000e0000000)
  object space 39424K, 28% used [0x00000000a0000000,0x00000000a0ac84b0,0x00000000a2680000)
 Metaspace       used 27022K, capacity 27424K, committed 27520K, reserved 1073152K
  class space    used 3748K, capacity 3893K, committed 3968K, reserved 1048576K
Event: 11.648 GC heap after
Heap after GC invocations=10 (full 1):
 PSYoungGen      total 62464K, used 5847K [0x00000000e0000000, 0x00000000e4580000, 0x0000000100000000)
  eden space 54784K, 0% used [0x00000000e0000000,0x00000000e0000000,0x00000000e3580000)
  from space 7680K, 76% used [0x00000000e3580000,0x00000000e3b35c38,0x00000000e3d00000)
  to   space 8192K, 0% used [0x00000000e3d80000,0x00000000e3d80000,0x00000000e4580000)
 ParOldGen       total 39424K, used 11049K [0x00000000a0000000, 0x00000000a2680000, 0x00000000e0000000)
  object space 39424K, 28% used [0x00000000a0000000,0x00000000a0aca4b0,0x00000000a2680000)
 Metaspace       used 27022K, capacity 27424K, committed 27520K, reserved 1073152K
  class space    used 3748K, capacity 3893K, committed 3968K, reserved 1048576K
}
Event: 18.540 GC heap before
{Heap before GC invocations=11 (full 1):
 PSYoungGen      total 62464K, used 60631K [0x00000000e0000000, 0x00000000e4580000, 0x0000000100000000)
  eden space 54784K, 100% used [0x00000000e0000000,0x00000000e3580000,0x00000000e3580000)
  from space 7680K, 76% used [0x00000000e3580000,0x00000000e3b35c38,0x00000000e3d00000)
  to   space 8192K, 0% used [0x00000000e3d80000,0x00000000e3d80000,0x00000000e4580000)
 ParOldGen       total 39424K, used 11049K [0x00000000a0000000, 0x00000000a2680000, 0x00000000e0000000)
  object space 39424K, 28% used [0x00000000a0000000,0x00000000a0aca4b0,0x00000000a2680000)
 Metaspace       used 30044K, capacity 30574K, committed 30848K, reserved 1075200K
  class space    used 4207K, capacity 4386K, committed 4480K, reserved 1048576K
Event: 18.551 GC heap after
Heap after GC invocations=11 (full 1):
 PSYoungGen      total 61952K, used 8165K [0x00000000e0000000, 0x00000000e5400000, 0x0000000100000000)
  eden space 53760K, 0% used [0x00000000e0000000,0x00000000e0000000,0x00000000e3480000)
  from space 8192K, 99% used [0x00000000e3d80000,0x00000000e4579620,0x00000000e4580000)
  to   space 9216K, 0% used [0x00000000e3480000,0x00000000e3480000,0x00000000e3d80000)
 ParOldGen       total 39424K, used 11564K [0x00000000a0000000, 0x00000000a2680000, 0x00000000e0000000)
  object space 39424K, 29% used [0x00000000a0000000,0x00000000a0b4b2e8,0x00000000a2680000)
 Metaspace       used 30044K, capacity 30574K, committed 30848K, reserved 1075200K
  class space    used 4207K, capacity 4386K, committed 4480K, reserved 1048576K
}
Event: 20.653 GC heap before
{Heap before GC invocations=12 (full 1):
 PSYoungGen      total 61952K, used 32089K [0x00000000e0000000, 0x00000000e5400000, 0x0000000100000000)
  eden space 53760K, 44% used [0x00000000e0000000,0x00000000e175cea8,0x00000000e3480000)
  from space 8192K, 99% used [0x00000000e3d80000,0x00000000e4579620,0x00000000e4580000)
  to   space 9216K, 0% used [0x00000000e3480000,0x00000000e3480000,0x00000000e3d80000)
 ParOldGen       total 39424K, used 11564K [0x00000000a0000000, 0x00000000a2680000, 0x00000000e0000000)
  object space 39424K, 29% used [0x00000000a0000000,0x00000000a0b4b2e8,0x00000000a2680000)
 Metaspace       used 34752K, capacity 35308K, committed 35416K, reserved 1079296K
  class space    used 4789K, capacity 4972K, committed 4992K, reserved 1048576K
Event: 20.664 GC heap after
Heap after GC invocations=12 (full 1):
 PSYoungGen      total 62976K, used 8094K [0x00000000e0000000, 0x00000000e5400000, 0x0000000100000000)
  eden space 53760K, 0% used [0x00000000e0000000,0x00000000e0000000,0x00000000e3480000)
  from space 9216K, 87% used [0x00000000e3480000,0x00000000e3c67bd8,0x00000000e3d80000)
  to   space 10240K, 0% used [0x00000000e4a00000,0x00000000e4a00000,0x00000000e5400000)
 ParOldGen       total 39424K, used 13100K [0x00000000a0000000, 0x00000000a2680000, 0x00000000e0000000)
  object space 39424K, 33% used [0x00000000a0000000,0x00000000a0ccb378,0x00000000a2680000)
 Metaspace       used 34752K, capacity 35308K, committed 35416K, reserved 1079296K
  class space    used 4789K, capacity 4972K, committed 4992K, reserved 1048576K
}
Event: 20.664 GC heap before
{Heap before GC invocations=13 (full 2):
 PSYoungGen      total 62976K, used 8094K [0x00000000e0000000, 0x00000000e5400000, 0x0000000100000000)
  eden space 53760K, 0% used [0x00000000e0000000,0x00000000e0000000,0x00000000e3480000)
  from space 9216K, 87% used [0x00000000e3480000,0x00000000e3c67bd8,0x00000000e3d80000)
  to   space 10240K, 0% used [0x00000000e4a00000,0x00000000e4a00000,0x00000000e5400000)
 ParOldGen       total 39424K, used 13100K [0x00000000a0000000, 0x00000000a2680000, 0x00000000e0000000)
  object space 39424K, 33% used [0x00000000a0000000,0x00000000a0ccb378,0x00000000a2680000)
 Metaspace       used 34752K, capacity 35308K, committed 35416K, reserved 1079296K
  class space    used 4789K, capacity 4972K, committed 4992K, reserved 1048576K
Event: 20.784 GC heap after
Heap after GC invocations=13 (full 2):
 PSYoungGen      total 62976K, used 0K [0x00000000e0000000, 0x00000000e5400000, 0x0000000100000000)
  eden space 53760K, 0% used [0x00000000e0000000,0x00000000e0000000,0x00000000e3480000)
  from space 9216K, 0% used [0x00000000e3480000,0x00000000e3480000,0x00000000e3d80000)
  to   space 10240K, 0% used [0x00000000e4a00000,0x00000000e4a00000,0x00000000e5400000)
 ParOldGen       total 60928K, used 16006K [0x00000000a0000000, 0x00000000a3b80000, 0x00000000e0000000)
  object space 60928K, 26% used [0x00000000a0000000,0x00000000a0fa1b80,0x00000000a3b80000)
 Metaspace       used 34752K, capacity 35308K, committed 35416K, reserved 1079296K
  class space    used 4789K, capacity 4972K, committed 4992K, reserved 1048576K
}

