# JRE version: OpenJDK Runtime Environment (8.0_152-b02) (build 1.8.0_152-release-1024-b02)
# Java VM: OpenJDK 64-Bit Server VM (25.152-b02 mixed mode windows-amd64 compressed oops)
Heap:
 PSYoungGen      total 90624K, used 49584K [0x00000000e0000000, 0x00000000e6300000, 0x0000000100000000)
  eden space 80384K, 61% used [0x00000000e0000000,0x00000000e306c2e0,0x00000000e4e80000)
  from space 10240K, 0% used [0x00000000e5880000,0x00000000e5880000,0x00000000e6280000)
  to   space 10240K, 0% used [0x00000000e4e80000,0x00000000e4e80000,0x00000000e5880000)
 ParOldGen       total 56832K, used 16114K [0x00000000a0000000, 0x00000000a3780000, 0x00000000e0000000)
  object space 56832K, 28% used [0x00000000a0000000,0x00000000a0fbcac0,0x00000000a3780000)
 Metaspace       used 36900K, capacity 37548K, committed 37848K, reserved 1081344K
  class space    used 5052K, capacity 5270K, committed 5376K, reserved 1048576K
GC Heap History (10 events):
Event: 5.396 GC heap before
{Heap before GC invocations=8 (full 1):
 PSYoungGen      total 70144K, used 6131K [0x00000000e0000000, 0x00000000e4d00000, 0x0000000100000000)
  eden space 62464K, 0% used [0x00000000e0000000,0x00000000e0000000,0x00000000e3d00000)
  from space 7680K, 79% used [0x00000000e3d00000,0x00000000e42fcf48,0x00000000e4480000)
  to   space 6656K, 0% used [0x00000000e4480000,0x00000000e4480000,0x00000000e4b00000)
 ParOldGen       total 42496K, used 7098K [0x00000000a0000000, 0x00000000a2980000, 0x00000000e0000000)
  object space 42496K, 16% used [0x00000000a0000000,0x00000000a06eea10,0x00000000a2980000)
 Metaspace       used 20806K, capacity 21184K, committed 21248K, reserved 1067008K
  class space    used 2901K, capacity 3038K, committed 3072K, reserved 1048576K
Event: 5.468 GC heap after
Heap after GC invocations=8 (full 1):
 PSYoungGen      total 70144K, used 0K [0x00000000e0000000, 0x00000000e4d00000, 0x0000000100000000)
  eden space 62464K, 0% used [0x00000000e0000000,0x00000000e0000000,0x00000000e3d00000)
  from space 7680K, 0% used [0x00000000e3d00000,0x00000000e3d00000,0x00000000e4480000)
  to   space 6656K, 0% used [0x00000000e4480000,0x00000000e4480000,0x00000000e4b00000)
 ParOldGen       total 35328K, used 8222K [0x00000000a0000000, 0x00000000a2280000, 0x00000000e0000000)
  object space 35328K, 23% used [0x00000000a0000000,0x00000000a0807bf0,0x00000000a2280000)
 Metaspace       used 20806K, capacity 21184K, committed 21248K, reserved 1067008K
  class space    used 2901K, capacity 3038K, committed 3072K, reserved 1048576K
}
Event: 7.714 GC heap before
{Heap before GC invocations=9 (full 1):
 PSYoungGen      total 70144K, used 62464K [0x00000000e0000000, 0x00000000e4d00000, 0x0000000100000000)
  eden space 62464K, 100% used [0x00000000e0000000,0x00000000e3d00000,0x00000000e3d00000)
  from space 7680K, 0% used [0x00000000e3d00000,0x00000000e3d00000,0x00000000e4480000)
  to   space 6656K, 0% used [0x00000000e4480000,0x00000000e4480000,0x00000000e4b00000)
 ParOldGen       total 35328K, used 8222K [0x00000000a0000000, 0x00000000a2280000, 0x00000000e0000000)
  object space 35328K, 23% used [0x00000000a0000000,0x00000000a0807bf0,0x00000000a2280000)
 Metaspace       used 26390K, capacity 26874K, committed 27136K, reserved 1073152K
  class space    used 3619K, capacity 3795K, committed 3840K, reserved 1048576K
Event: 7.737 GC heap after
Heap after GC invocations=9 (full 1):
 PSYoungGen      total 69120K, used 6653K [0x00000000e0000000, 0x00000000e4d00000, 0x0000000100000000)
  eden space 62464K, 0% used [0x00000000e0000000,0x00000000e0000000,0x00000000e3d00000)
  from space 6656K, 99% used [0x00000000e4480000,0x00000000e4aff6a0,0x00000000e4b00000)
  to   space 7680K, 0% used [0x00000000e3d00000,0x00000000e3d00000,0x00000000e4480000)
 ParOldGen       total 35328K, used 8596K [0x00000000a0000000, 0x00000000a2280000, 0x00000000e0000000)
  object space 35328K, 24% used [0x00000000a0000000,0x00000000a08650c8,0x00000000a2280000)
 Metaspace       used 26390K, capacity 26874K, committed 27136K, reserved 1073152K
  class space    used 3619K, capacity 3795K, committed 3840K, reserved 1048576K
}
Event: 10.360 GC heap before
{Heap before GC invocations=10 (full 1):
 PSYoungGen      total 69120K, used 69117K [0x00000000e0000000, 0x00000000e4d00000, 0x0000000100000000)
  eden space 62464K, 100% used [0x00000000e0000000,0x00000000e3d00000,0x00000000e3d00000)
  from space 6656K, 99% used [0x00000000e4480000,0x00000000e4aff6a0,0x00000000e4b00000)
  to   space 7680K, 0% used [0x00000000e3d00000,0x00000000e3d00000,0x00000000e4480000)
 ParOldGen       total 35328K, used 8596K [0x00000000a0000000, 0x00000000a2280000, 0x00000000e0000000)
  object space 35328K, 24% used [0x00000000a0000000,0x00000000a08650c8,0x00000000a2280000)
 Metaspace       used 29895K, capacity 30350K, committed 30592K, reserved 1075200K
  class space    used 4183K, capacity 4354K, committed 4480K, reserved 1048576K
Event: 10.374 GC heap after
Heap after GC invocations=10 (full 1):
 PSYoungGen      total 70144K, used 7649K [0x00000000e0000000, 0x00000000e6280000, 0x0000000100000000)
  eden space 62464K, 0% used [0x00000000e0000000,0x00000000e0000000,0x00000000e3d00000)
  from space 7680K, 99% used [0x00000000e3d00000,0x00000000e44784b8,0x00000000e4480000)
  to   space 10240K, 0% used [0x00000000e5880000,0x00000000e5880000,0x00000000e6280000)
 ParOldGen       total 35328K, used 9803K [0x00000000a0000000, 0x00000000a2280000, 0x00000000e0000000)
  object space 35328K, 27% used [0x00000000a0000000,0x00000000a0992dd0,0x00000000a2280000)
 Metaspace       used 29895K, capacity 30350K, committed 30592K, reserved 1075200K
  class space    used 4183K, capacity 4354K, committed 4480K, reserved 1048576K
}
Event: 11.858 GC heap before
{Heap before GC invocations=11 (full 1):
 PSYoungGen      total 70144K, used 35280K [0x00000000e0000000, 0x00000000e6280000, 0x0000000100000000)
  eden space 62464K, 44% used [0x00000000e0000000,0x00000000e1afbec8,0x00000000e3d00000)
  from space 7680K, 99% used [0x00000000e3d00000,0x00000000e44784b8,0x00000000e4480000)
  to   space 10240K, 0% used [0x00000000e5880000,0x00000000e5880000,0x00000000e6280000)
 ParOldGen       total 35328K, used 9803K [0x00000000a0000000, 0x00000000a2280000, 0x00000000e0000000)
  object space 35328K, 27% used [0x00000000a0000000,0x00000000a0992dd0,0x00000000a2280000)
 Metaspace       used 34678K, capacity 35244K, committed 35416K, reserved 1079296K
  class space    used 4780K, capacity 4972K, committed 4992K, reserved 1048576K
Event: 11.880 GC heap after
Heap after GC invocations=11 (full 1):
 PSYoungGen      total 90624K, used 6697K [0x00000000e0000000, 0x00000000e6300000, 0x0000000100000000)
  eden space 80384K, 0% used [0x00000000e0000000,0x00000000e0000000,0x00000000e4e80000)
  from space 10240K, 65% used [0x00000000e5880000,0x00000000e5f0a5c0,0x00000000e6280000)
  to   space 10240K, 0% used [0x00000000e4e80000,0x00000000e4e80000,0x00000000e5880000)
 ParOldGen       total 35328K, used 12788K [0x00000000a0000000, 0x00000000a2280000, 0x00000000e0000000)
  object space 35328K, 36% used [0x00000000a0000000,0x00000000a0c7d170,0x00000000a2280000)
 Metaspace       used 34678K, capacity 35244K, committed 35416K, reserved 1079296K
  class space    used 4780K, capacity 4972K, committed 4992K, reserved 1048576K
}
Event: 11.880 GC heap before
{Heap before GC invocations=12 (full 2):
 PSYoungGen      total 90624K, used 6697K [0x00000000e0000000, 0x00000000e6300000, 0x0000000100000000)
  eden space 80384K, 0% used [0x00000000e0000000,0x00000000e0000000,0x00000000e4e80000)
  from space 10240K, 65% used [0x00000000e5880000,0x00000000e5f0a5c0,0x00000000e6280000)
  to   space 10240K, 0% used [0x00000000e4e80000,0x00000000e4e80000,0x00000000e5880000)
 ParOldGen       total 35328K, used 12788K [0x00000000a0000000, 0x00000000a2280000, 0x00000000e0000000)
  object space 35328K, 36% used [0x00000000a0000000,0x00000000a0c7d170,0x00000000a2280000)
 Metaspace       used 34678K, capacity 35244K, committed 35416K, reserved 1079296K
  class space    used 4780K, capacity 4972K, committed 4992K, reserved 1048576K
Event: 11.997 GC heap after
Heap after GC invocations=12 (full 2):
 PSYoungGen      total 90624K, used 0K [0x00000000e0000000, 0x00000000e6300000, 0x0000000100000000)
  eden space 80384K, 0% used [0x00000000e0000000,0x00000000e0000000,0x00000000e4e80000)
  from space 10240K, 0% used [0x00000000e5880000,0x00000000e5880000,0x00000000e6280000)
  to   space 10240K, 0% used [0x00000000e4e80000,0x00000000e4e80000,0x00000000e5880000)
 ParOldGen       total 56832K, used 16114K [0x00000000a0000000, 0x00000000a3780000, 0x00000000e0000000)
  object space 56832K, 28% used [0x00000000a0000000,0x00000000a0fbcac0,0x00000000a3780000)
 Metaspace       used 34678K, capacity 35244K, committed 35416K, reserved 1079296K
  class space    used 4780K, capacity 4972K, committed 4992K, reserved 1048576K
}

