# JRE version: OpenJDK Runtime Environment (8.0_152-b02) (build 1.8.0_152-release-1024-b02)
# Java VM: OpenJDK 64-Bit Server VM (25.152-b02 mixed mode windows-amd64 compressed oops)
Heap:
 PSYoungGen      total 87552K, used 54420K [0x00000000e0000000, 0x00000000e7380000, 0x0000000100000000)
  eden space 78336K, 69% used [0x00000000e0000000,0x00000000e3525358,0x00000000e4c80000)
  from space 9216K, 0% used [0x00000000e4c80000,0x00000000e4c80000,0x00000000e5580000)
  to   space 10752K, 0% used [0x00000000e6900000,0x00000000e6900000,0x00000000e7380000)
 ParOldGen       total 55296K, used 16141K [0x00000000a0000000, 0x00000000a3600000, 0x00000000e0000000)
  object space 55296K, 29% used [0x00000000a0000000,0x00000000a0fc3630,0x00000000a3600000)
 Metaspace       used 38051K, capacity 38782K, committed 39000K, reserved 1083392K
  class space    used 5179K, capacity 5401K, committed 5504K, reserved 1048576K
GC Heap History (10 events):
Event: 18.019 GC heap before
{Heap before GC invocations=9 (full 1):
 PSYoungGen      total 69632K, used 5145K [0x00000000e0000000, 0x00000000e4b00000, 0x0000000100000000)
  eden space 62464K, 0% used [0x00000000e0000000,0x00000000e0000000,0x00000000e3d00000)
  from space 7168K, 71% used [0x00000000e4400000,0x00000000e4906770,0x00000000e4b00000)
  to   space 7168K, 0% used [0x00000000e3d00000,0x00000000e3d00000,0x00000000e4400000)
 ParOldGen       total 42496K, used 7107K [0x00000000a0000000, 0x00000000a2980000, 0x00000000e0000000)
  object space 42496K, 16% used [0x00000000a0000000,0x00000000a06f0de8,0x00000000a2980000)
 Metaspace       used 20821K, capacity 21184K, committed 21248K, reserved 1067008K
  class space    used 2897K, capacity 3038K, committed 3072K, reserved 1048576K
Event: 18.187 GC heap after
Heap after GC invocations=9 (full 1):
 PSYoungGen      total 69632K, used 0K [0x00000000e0000000, 0x00000000e4b00000, 0x0000000100000000)
  eden space 62464K, 0% used [0x00000000e0000000,0x00000000e0000000,0x00000000e3d00000)
  from space 7168K, 0% used [0x00000000e4400000,0x00000000e4400000,0x00000000e4b00000)
  to   space 7168K, 0% used [0x00000000e3d00000,0x00000000e3d00000,0x00000000e4400000)
 ParOldGen       total 35328K, used 9241K [0x00000000a0000000, 0x00000000a2280000, 0x00000000e0000000)
  object space 35328K, 26% used [0x00000000a0000000,0x00000000a0906490,0x00000000a2280000)
 Metaspace       used 20821K, capacity 21184K, committed 21248K, reserved 1067008K
  class space    used 2897K, capacity 3038K, committed 3072K, reserved 1048576K
}
Event: 25.795 GC heap before
{Heap before GC invocations=10 (full 1):
 PSYoungGen      total 69632K, used 62464K [0x00000000e0000000, 0x00000000e4b00000, 0x0000000100000000)
  eden space 62464K, 100% used [0x00000000e0000000,0x00000000e3d00000,0x00000000e3d00000)
  from space 7168K, 0% used [0x00000000e4400000,0x00000000e4400000,0x00000000e4b00000)
  to   space 7168K, 0% used [0x00000000e3d00000,0x00000000e3d00000,0x00000000e4400000)
 ParOldGen       total 35328K, used 9241K [0x00000000a0000000, 0x00000000a2280000, 0x00000000e0000000)
  object space 35328K, 26% used [0x00000000a0000000,0x00000000a0906490,0x00000000a2280000)
 Metaspace       used 26449K, capacity 26938K, committed 27136K, reserved 1073152K
  class space    used 3617K, capacity 3795K, committed 3840K, reserved 1048576K
Event: 25.805 GC heap after
Heap after GC invocations=10 (full 1):
 PSYoungGen      total 69632K, used 7062K [0x00000000e0000000, 0x00000000e5e80000, 0x0000000100000000)
  eden space 62464K, 0% used [0x00000000e0000000,0x00000000e0000000,0x00000000e3d00000)
  from space 7168K, 98% used [0x00000000e3d00000,0x00000000e43e5868,0x00000000e4400000)
  to   space 8192K, 0% used [0x00000000e5680000,0x00000000e5680000,0x00000000e5e80000)
 ParOldGen       total 35328K, used 9249K [0x00000000a0000000, 0x00000000a2280000, 0x00000000e0000000)
  object space 35328K, 26% used [0x00000000a0000000,0x00000000a0908490,0x00000000a2280000)
 Metaspace       used 26449K, capacity 26938K, committed 27136K, reserved 1073152K
  class space    used 3617K, capacity 3795K, committed 3840K, reserved 1048576K
}
Event: 37.440 GC heap before
{Heap before GC invocations=11 (full 1):
 PSYoungGen      total 69632K, used 69526K [0x00000000e0000000, 0x00000000e5e80000, 0x0000000100000000)
  eden space 62464K, 100% used [0x00000000e0000000,0x00000000e3d00000,0x00000000e3d00000)
  from space 7168K, 98% used [0x00000000e3d00000,0x00000000e43e5868,0x00000000e4400000)
  to   space 8192K, 0% used [0x00000000e5680000,0x00000000e5680000,0x00000000e5e80000)
 ParOldGen       total 35328K, used 9249K [0x00000000a0000000, 0x00000000a2280000, 0x00000000e0000000)
  object space 35328K, 26% used [0x00000000a0000000,0x00000000a0908490,0x00000000a2280000)
 Metaspace       used 29920K, capacity 30414K, committed 30592K, reserved 1075200K
  class space    used 4177K, capacity 4354K, committed 4480K, reserved 1048576K
Event: 37.455 GC heap after
Heap after GC invocations=11 (full 1):
 PSYoungGen      total 86528K, used 8160K [0x00000000e0000000, 0x00000000e5e80000, 0x0000000100000000)
  eden space 78336K, 0% used [0x00000000e0000000,0x00000000e0000000,0x00000000e4c80000)
  from space 8192K, 99% used [0x00000000e5680000,0x00000000e5e78010,0x00000000e5e80000)
  to   space 9216K, 0% used [0x00000000e4c80000,0x00000000e4c80000,0x00000000e5580000)
 ParOldGen       total 35328K, used 10003K [0x00000000a0000000, 0x00000000a2280000, 0x00000000e0000000)
  object space 35328K, 28% used [0x00000000a0000000,0x00000000a09c4fc0,0x00000000a2280000)
 Metaspace       used 29920K, capacity 30414K, committed 30592K, reserved 1075200K
  class space    used 4177K, capacity 4354K, committed 4480K, reserved 1048576K
}
Event: 42.553 GC heap before
{Heap before GC invocations=12 (full 1):
 PSYoungGen      total 86528K, used 36980K [0x00000000e0000000, 0x00000000e5e80000, 0x0000000100000000)
  eden space 78336K, 36% used [0x00000000e0000000,0x00000000e1c25378,0x00000000e4c80000)
  from space 8192K, 99% used [0x00000000e5680000,0x00000000e5e78010,0x00000000e5e80000)
  to   space 9216K, 0% used [0x00000000e4c80000,0x00000000e4c80000,0x00000000e5580000)
 ParOldGen       total 35328K, used 10003K [0x00000000a0000000, 0x00000000a2280000, 0x00000000e0000000)
  object space 35328K, 28% used [0x00000000a0000000,0x00000000a09c4fc0,0x00000000a2280000)
 Metaspace       used 34777K, capacity 35308K, committed 35416K, reserved 1079296K
  class space    used 4784K, capacity 4972K, committed 4992K, reserved 1048576K
Event: 42.572 GC heap after
Heap after GC invocations=12 (full 1):
 PSYoungGen      total 87552K, used 9185K [0x00000000e0000000, 0x00000000e7380000, 0x0000000100000000)
  eden space 78336K, 0% used [0x00000000e0000000,0x00000000e0000000,0x00000000e4c80000)
  from space 9216K, 99% used [0x00000000e4c80000,0x00000000e55785c0,0x00000000e5580000)
  to   space 10752K, 0% used [0x00000000e6900000,0x00000000e6900000,0x00000000e7380000)
 ParOldGen       total 35328K, used 10560K [0x00000000a0000000, 0x00000000a2280000, 0x00000000e0000000)
  object space 35328K, 29% used [0x00000000a0000000,0x00000000a0a50008,0x00000000a2280000)
 Metaspace       used 34777K, capacity 35308K, committed 35416K, reserved 1079296K
  class space    used 4784K, capacity 4972K, committed 4992K, reserved 1048576K
}
Event: 42.572 GC heap before
{Heap before GC invocations=13 (full 2):
 PSYoungGen      total 87552K, used 9185K [0x00000000e0000000, 0x00000000e7380000, 0x0000000100000000)
  eden space 78336K, 0% used [0x00000000e0000000,0x00000000e0000000,0x00000000e4c80000)
  from space 9216K, 99% used [0x00000000e4c80000,0x00000000e55785c0,0x00000000e5580000)
  to   space 10752K, 0% used [0x00000000e6900000,0x00000000e6900000,0x00000000e7380000)
 ParOldGen       total 35328K, used 10560K [0x00000000a0000000, 0x00000000a2280000, 0x00000000e0000000)
  object space 35328K, 29% used [0x00000000a0000000,0x00000000a0a50008,0x00000000a2280000)
 Metaspace       used 34777K, capacity 35308K, committed 35416K, reserved 1079296K
  class space    used 4784K, capacity 4972K, committed 4992K, reserved 1048576K
Event: 42.698 GC heap after
Heap after GC invocations=13 (full 2):
 PSYoungGen      total 87552K, used 0K [0x00000000e0000000, 0x00000000e7380000, 0x0000000100000000)
  eden space 78336K, 0% used [0x00000000e0000000,0x00000000e0000000,0x00000000e4c80000)
  from space 9216K, 0% used [0x00000000e4c80000,0x00000000e4c80000,0x00000000e5580000)
  to   space 10752K, 0% used [0x00000000e6900000,0x00000000e6900000,0x00000000e7380000)
 ParOldGen       total 55296K, used 16141K [0x00000000a0000000, 0x00000000a3600000, 0x00000000e0000000)
  object space 55296K, 29% used [0x00000000a0000000,0x00000000a0fc3630,0x00000000a3600000)
 Metaspace       used 34777K, capacity 35308K, committed 35416K, reserved 1079296K
  class space    used 4784K, capacity 4972K, committed 4992K, reserved 1048576K
}

