# JRE version: OpenJDK Runtime Environment (8.0_152-b02) (build 1.8.0_152-release-1024-b02)
# Java VM: OpenJDK 64-Bit Server VM (25.152-b02 mixed mode windows-amd64 compressed oops)
Heap:
 PSYoungGen      total 20480K, used 15734K [0x00000000e0000000, 0x00000000e1a80000, 0x0000000100000000)
  eden space 15360K, 73% used [0x00000000e0000000,0x00000000e0b195a0,0x00000000e0f00000)
  from space 5120K, 85% used [0x00000000e1480000,0x00000000e18c4638,0x00000000e1980000)
  to   space 5632K, 0% used [0x00000000e0f00000,0x00000000e0f00000,0x00000000e1480000)
 ParOldGen       total 42496K, used 4698K [0x00000000a0000000, 0x00000000a2980000, 0x00000000e0000000)
  object space 42496K, 11% used [0x00000000a0000000,0x00000000a0496aa0,0x00000000a2980000)
 Metaspace       used 15355K, capacity 15686K, committed 15872K, reserved 1062912K
  class space    used 2169K, capacity 2283K, committed 2304K, reserved 1048576K
GC Heap History (10 events):
Event: 3.360 GC heap before
{Heap before GC invocations=2 (full 0):
 PSYoungGen      total 18432K, used 18400K [0x00000000e0000000, 0x00000000e1480000, 0x0000000100000000)
  eden space 15872K, 100% used [0x00000000e0000000,0x00000000e0f80000,0x00000000e0f80000)
  from space 2560K, 98% used [0x00000000e0f80000,0x00000000e11f82a0,0x00000000e1200000)
  to   space 2560K, 0% used [0x00000000e1200000,0x00000000e1200000,0x00000000e1480000)
 ParOldGen       total 42496K, used 333K [0x00000000a0000000, 0x00000000a2980000, 0x00000000e0000000)
  object space 42496K, 0% used [0x00000000a0000000,0x00000000a0053438,0x00000000a2980000)
 Metaspace       used 6901K, capacity 7038K, committed 7168K, reserved 1056768K
  class space    used 842K, capacity 907K, committed 1024K, reserved 1048576K
Event: 3.365 GC heap after
Heap after GC invocations=2 (full 0):
 PSYoungGen      total 18432K, used 2542K [0x00000000e0000000, 0x00000000e1480000, 0x0000000100000000)
  eden space 15872K, 0% used [0x00000000e0000000,0x00000000e0000000,0x00000000e0f80000)
  from space 2560K, 99% used [0x00000000e1200000,0x00000000e147bae0,0x00000000e1480000)
  to   space 2560K, 0% used [0x00000000e0f80000,0x00000000e0f80000,0x00000000e1200000)
 ParOldGen       total 42496K, used 439K [0x00000000a0000000, 0x00000000a2980000, 0x00000000e0000000)
  object space 42496K, 1% used [0x00000000a0000000,0x00000000a006dfa8,0x00000000a2980000)
 Metaspace       used 6901K, capacity 7038K, committed 7168K, reserved 1056768K
  class space    used 842K, capacity 907K, committed 1024K, reserved 1048576K
}
Event: 4.267 GC heap before
{Heap before GC invocations=3 (full 0):
 PSYoungGen      total 18432K, used 18414K [0x00000000e0000000, 0x00000000e1480000, 0x0000000100000000)
  eden space 15872K, 100% used [0x00000000e0000000,0x00000000e0f80000,0x00000000e0f80000)
  from space 2560K, 99% used [0x00000000e1200000,0x00000000e147bae0,0x00000000e1480000)
  to   space 2560K, 0% used [0x00000000e0f80000,0x00000000e0f80000,0x00000000e1200000)
 ParOldGen       total 42496K, used 439K [0x00000000a0000000, 0x00000000a2980000, 0x00000000e0000000)
  object space 42496K, 1% used [0x00000000a0000000,0x00000000a006dfa8,0x00000000a2980000)
 Metaspace       used 7188K, capacity 7384K, committed 7680K, reserved 1056768K
  class space    used 903K, capacity 980K, committed 1024K, reserved 1048576K
Event: 4.271 GC heap after
Heap after GC invocations=3 (full 0):
 PSYoungGen      total 18432K, used 2528K [0x00000000e0000000, 0x00000000e1480000, 0x0000000100000000)
  eden space 15872K, 0% used [0x00000000e0000000,0x00000000e0000000,0x00000000e0f80000)
  from space 2560K, 98% used [0x00000000e0f80000,0x00000000e11f8040,0x00000000e1200000)
  to   space 2560K, 0% used [0x00000000e1200000,0x00000000e1200000,0x00000000e1480000)
 ParOldGen       total 42496K, used 781K [0x00000000a0000000, 0x00000000a2980000, 0x00000000e0000000)
  object space 42496K, 1% used [0x00000000a0000000,0x00000000a00c36d0,0x00000000a2980000)
 Metaspace       used 7188K, capacity 7384K, committed 7680K, reserved 1056768K
  class space    used 903K, capacity 980K, committed 1024K, reserved 1048576K
}
Event: 7.113 GC heap before
{Heap before GC invocations=4 (full 0):
 PSYoungGen      total 18432K, used 18400K [0x00000000e0000000, 0x00000000e1480000, 0x0000000100000000)
  eden space 15872K, 100% used [0x00000000e0000000,0x00000000e0f80000,0x00000000e0f80000)
  from space 2560K, 98% used [0x00000000e0f80000,0x00000000e11f8040,0x00000000e1200000)
  to   space 2560K, 0% used [0x00000000e1200000,0x00000000e1200000,0x00000000e1480000)
 ParOldGen       total 42496K, used 781K [0x00000000a0000000, 0x00000000a2980000, 0x00000000e0000000)
  object space 42496K, 1% used [0x00000000a0000000,0x00000000a00c36d0,0x00000000a2980000)
 Metaspace       used 10789K, capacity 11064K, committed 11264K, reserved 1058816K
  class space    used 1419K, capacity 1518K, committed 1536K, reserved 1048576K
Event: 7.129 GC heap after
Heap after GC invocations=4 (full 0):
 PSYoungGen      total 18432K, used 2528K [0x00000000e0000000, 0x00000000e1480000, 0x0000000100000000)
  eden space 15872K, 0% used [0x00000000e0000000,0x00000000e0000000,0x00000000e0f80000)
  from space 2560K, 98% used [0x00000000e1200000,0x00000000e1478040,0x00000000e1480000)
  to   space 2560K, 0% used [0x00000000e0f80000,0x00000000e0f80000,0x00000000e1200000)
 ParOldGen       total 42496K, used 2826K [0x00000000a0000000, 0x00000000a2980000, 0x00000000e0000000)
  object space 42496K, 6% used [0x00000000a0000000,0x00000000a02c2820,0x00000000a2980000)
 Metaspace       used 10789K, capacity 11064K, committed 11264K, reserved 1058816K
  class space    used 1419K, capacity 1518K, committed 1536K, reserved 1048576K
}
Event: 8.293 GC heap before
{Heap before GC invocations=5 (full 0):
 PSYoungGen      total 18432K, used 18342K [0x00000000e0000000, 0x00000000e1480000, 0x0000000100000000)
  eden space 15872K, 99% used [0x00000000e0000000,0x00000000e0f717c8,0x00000000e0f80000)
  from space 2560K, 98% used [0x00000000e1200000,0x00000000e1478040,0x00000000e1480000)
  to   space 2560K, 0% used [0x00000000e0f80000,0x00000000e0f80000,0x00000000e1200000)
 ParOldGen       total 42496K, used 2826K [0x00000000a0000000, 0x00000000a2980000, 0x00000000e0000000)
  object space 42496K, 6% used [0x00000000a0000000,0x00000000a02c2820,0x00000000a2980000)
 Metaspace       used 12752K, capacity 13122K, committed 13184K, reserved 1060864K
  class space    used 1744K, capacity 1897K, committed 1920K, reserved 1048576K
Event: 8.300 GC heap after
Heap after GC invocations=5 (full 0):
 PSYoungGen      total 18432K, used 2559K [0x00000000e0000000, 0x00000000e1980000, 0x0000000100000000)
  eden space 15872K, 0% used [0x00000000e0000000,0x00000000e0000000,0x00000000e0f80000)
  from space 2560K, 99% used [0x00000000e0f80000,0x00000000e11ffc30,0x00000000e1200000)
  to   space 5120K, 0% used [0x00000000e1480000,0x00000000e1480000,0x00000000e1980000)
 ParOldGen       total 42496K, used 4698K [0x00000000a0000000, 0x00000000a2980000, 0x00000000e0000000)
  object space 42496K, 11% used [0x00000000a0000000,0x00000000a0496aa0,0x00000000a2980000)
 Metaspace       used 12752K, capacity 13122K, committed 13184K, reserved 1060864K
  class space    used 1744K, capacity 1897K, committed 1920K, reserved 1048576K
}
Event: 9.169 GC heap before
{Heap before GC invocations=6 (full 0):
 PSYoungGen      total 18432K, used 18431K [0x00000000e0000000, 0x00000000e1980000, 0x0000000100000000)
  eden space 15872K, 100% used [0x00000000e0000000,0x00000000e0f80000,0x00000000e0f80000)
  from space 2560K, 99% used [0x00000000e0f80000,0x00000000e11ffc30,0x00000000e1200000)
  to   space 5120K, 0% used [0x00000000e1480000,0x00000000e1480000,0x00000000e1980000)
 ParOldGen       total 42496K, used 4698K [0x00000000a0000000, 0x00000000a2980000, 0x00000000e0000000)
  object space 42496K, 11% used [0x00000000a0000000,0x00000000a0496aa0,0x00000000a2980000)
 Metaspace       used 14164K, capacity 14470K, committed 14720K, reserved 1062912K
  class space    used 1970K, capacity 2091K, committed 2176K, reserved 1048576K
Event: 9.178 GC heap after
Heap after GC invocations=6 (full 0):
 PSYoungGen      total 20480K, used 4369K [0x00000000e0000000, 0x00000000e1a80000, 0x0000000100000000)
  eden space 15360K, 0% used [0x00000000e0000000,0x00000000e0000000,0x00000000e0f00000)
  from space 5120K, 85% used [0x00000000e1480000,0x00000000e18c4638,0x00000000e1980000)
  to   space 5632K, 0% used [0x00000000e0f00000,0x00000000e0f00000,0x00000000e1480000)
 ParOldGen       total 42496K, used 4698K [0x00000000a0000000, 0x00000000a2980000, 0x00000000e0000000)
  object space 42496K, 11% used [0x00000000a0000000,0x00000000a0496aa0,0x00000000a2980000)
 Metaspace       used 14164K, capacity 14470K, committed 14720K, reserved 1062912K
  class space    used 1970K, capacity 2091K, committed 2176K, reserved 1048576K
}

