# JRE version: OpenJDK Runtime Environment (8.0_152-b02) (build 1.8.0_152-release-1024-b02)
# Java VM: OpenJDK 64-Bit Server VM (25.152-b02 mixed mode windows-amd64 compressed oops)
Heap:
 PSYoungGen      total 82432K, used 15836K [0x00000000e0000000, 0x00000000e7380000, 0x0000000100000000)
  eden space 74752K, 11% used [0x00000000e0000000,0x00000000e086dbd0,0x00000000e4900000)
  from space 7680K, 93% used [0x00000000e4900000,0x00000000e5009678,0x00000000e5080000)
  to   space 8192K, 0% used [0x00000000e6b80000,0x00000000e6b80000,0x00000000e7380000)
 ParOldGen       total 42496K, used 14522K [0x00000000a0000000, 0x00000000a2980000, 0x00000000e0000000)
  object space 42496K, 34% used [0x00000000a0000000,0x00000000a0e2eb00,0x00000000a2980000)
 Metaspace       used 39871K, capacity 40580K, committed 40792K, reserved 1085440K
  class space    used 5404K, capacity 5650K, committed 5760K, reserved 1048576K
GC Heap History (10 events):
Event: 20.329 GC heap before
{Heap before GC invocations=13 (full 1):
 PSYoungGen      total 41472K, used 38583K [0x00000000e0000000, 0x00000000e3f00000, 0x0000000100000000)
  eden space 34816K, 100% used [0x00000000e0000000,0x00000000e2200000,0x00000000e2200000)
  from space 6656K, 56% used [0x00000000e2200000,0x00000000e25adc58,0x00000000e2880000)
  to   space 6144K, 0% used [0x00000000e3900000,0x00000000e3900000,0x00000000e3f00000)
 ParOldGen       total 28672K, used 9368K [0x00000000a0000000, 0x00000000a1c00000, 0x00000000e0000000)
  object space 28672K, 32% used [0x00000000a0000000,0x00000000a09262a0,0x00000000a1c00000)
 Metaspace       used 28324K, capacity 28736K, committed 29056K, reserved 1075200K
  class space    used 3959K, capacity 4117K, committed 4224K, reserved 1048576K
Event: 20.339 GC heap after
Heap after GC invocations=13 (full 1):
 PSYoungGen      total 57344K, used 3107K [0x00000000e0000000, 0x00000000e3e80000, 0x0000000100000000)
  eden space 51712K, 0% used [0x00000000e0000000,0x00000000e0000000,0x00000000e3280000)
  from space 5632K, 55% used [0x00000000e3900000,0x00000000e3c08cf8,0x00000000e3e80000)
  to   space 6144K, 0% used [0x00000000e3280000,0x00000000e3280000,0x00000000e3880000)
 ParOldGen       total 28672K, used 10564K [0x00000000a0000000, 0x00000000a1c00000, 0x00000000e0000000)
  object space 28672K, 36% used [0x00000000a0000000,0x00000000a0a512c0,0x00000000a1c00000)
 Metaspace       used 28324K, capacity 28736K, committed 29056K, reserved 1075200K
  class space    used 3959K, capacity 4117K, committed 4224K, reserved 1048576K
}
Event: 28.012 GC heap before
{Heap before GC invocations=14 (full 1):
 PSYoungGen      total 57344K, used 54819K [0x00000000e0000000, 0x00000000e3e80000, 0x0000000100000000)
  eden space 51712K, 100% used [0x00000000e0000000,0x00000000e3280000,0x00000000e3280000)
  from space 5632K, 55% used [0x00000000e3900000,0x00000000e3c08cf8,0x00000000e3e80000)
  to   space 6144K, 0% used [0x00000000e3280000,0x00000000e3280000,0x00000000e3880000)
 ParOldGen       total 28672K, used 10564K [0x00000000a0000000, 0x00000000a1c00000, 0x00000000e0000000)
  object space 28672K, 36% used [0x00000000a0000000,0x00000000a0a512c0,0x00000000a1c00000)
 Metaspace       used 33377K, capacity 33958K, committed 34048K, reserved 1079296K
  class space    used 4643K, capacity 4861K, committed 4864K, reserved 1048576K
Event: 28.021 GC heap after
Heap after GC invocations=14 (full 1):
 PSYoungGen      total 57856K, used 6117K [0x00000000e0000000, 0x00000000e5780000, 0x0000000100000000)
  eden space 51712K, 0% used [0x00000000e0000000,0x00000000e0000000,0x00000000e3280000)
  from space 6144K, 99% used [0x00000000e3280000,0x00000000e38796e0,0x00000000e3880000)
  to   space 7168K, 0% used [0x00000000e5080000,0x00000000e5080000,0x00000000e5780000)
 ParOldGen       total 28672K, used 11713K [0x00000000a0000000, 0x00000000a1c00000, 0x00000000e0000000)
  object space 28672K, 40% used [0x00000000a0000000,0x00000000a0b70708,0x00000000a1c00000)
 Metaspace       used 33377K, capacity 33958K, committed 34048K, reserved 1079296K
  class space    used 4643K, capacity 4861K, committed 4864K, reserved 1048576K
}
Event: 28.452 GC heap before
{Heap before GC invocations=15 (full 1):
 PSYoungGen      total 57856K, used 14094K [0x00000000e0000000, 0x00000000e5780000, 0x0000000100000000)
  eden space 51712K, 15% used [0x00000000e0000000,0x00000000e07ca208,0x00000000e3280000)
  from space 6144K, 99% used [0x00000000e3280000,0x00000000e38796e0,0x00000000e3880000)
  to   space 7168K, 0% used [0x00000000e5080000,0x00000000e5080000,0x00000000e5780000)
 ParOldGen       total 28672K, used 11713K [0x00000000a0000000, 0x00000000a1c00000, 0x00000000e0000000)
  object space 28672K, 40% used [0x00000000a0000000,0x00000000a0b70708,0x00000000a1c00000)
 Metaspace       used 34767K, capacity 35308K, committed 35416K, reserved 1079296K
  class space    used 4787K, capacity 4972K, committed 4992K, reserved 1048576K
Event: 28.457 GC heap after
Heap after GC invocations=15 (full 1):
 PSYoungGen      total 81920K, used 1391K [0x00000000e0000000, 0x00000000e5800000, 0x0000000100000000)
  eden space 74752K, 0% used [0x00000000e0000000,0x00000000e0000000,0x00000000e4900000)
  from space 7168K, 19% used [0x00000000e5080000,0x00000000e51dbfb8,0x00000000e5780000)
  to   space 7680K, 0% used [0x00000000e4900000,0x00000000e4900000,0x00000000e5080000)
 ParOldGen       total 28672K, used 14681K [0x00000000a0000000, 0x00000000a1c00000, 0x00000000e0000000)
  object space 28672K, 51% used [0x00000000a0000000,0x00000000a0e567b8,0x00000000a1c00000)
 Metaspace       used 34767K, capacity 35308K, committed 35416K, reserved 1079296K
  class space    used 4787K, capacity 4972K, committed 4992K, reserved 1048576K
}
Event: 28.457 GC heap before
{Heap before GC invocations=16 (full 2):
 PSYoungGen      total 81920K, used 1391K [0x00000000e0000000, 0x00000000e5800000, 0x0000000100000000)
  eden space 74752K, 0% used [0x00000000e0000000,0x00000000e0000000,0x00000000e4900000)
  from space 7168K, 19% used [0x00000000e5080000,0x00000000e51dbfb8,0x00000000e5780000)
  to   space 7680K, 0% used [0x00000000e4900000,0x00000000e4900000,0x00000000e5080000)
 ParOldGen       total 28672K, used 14681K [0x00000000a0000000, 0x00000000a1c00000, 0x00000000e0000000)
  object space 28672K, 51% used [0x00000000a0000000,0x00000000a0e567b8,0x00000000a1c00000)
 Metaspace       used 34767K, capacity 35308K, committed 35416K, reserved 1079296K
  class space    used 4787K, capacity 4972K, committed 4992K, reserved 1048576K
Event: 28.574 GC heap after
Heap after GC invocations=16 (full 2):
 PSYoungGen      total 81920K, used 0K [0x00000000e0000000, 0x00000000e5800000, 0x0000000100000000)
  eden space 74752K, 0% used [0x00000000e0000000,0x00000000e0000000,0x00000000e4900000)
  from space 7168K, 0% used [0x00000000e5080000,0x00000000e5080000,0x00000000e5780000)
  to   space 7680K, 0% used [0x00000000e4900000,0x00000000e4900000,0x00000000e5080000)
 ParOldGen       total 42496K, used 14514K [0x00000000a0000000, 0x00000000a2980000, 0x00000000e0000000)
  object space 42496K, 34% used [0x00000000a0000000,0x00000000a0e2cb00,0x00000000a2980000)
 Metaspace       used 34767K, capacity 35308K, committed 35416K, reserved 1079296K
  class space    used 4787K, capacity 4972K, committed 4992K, reserved 1048576K
}
Event: 30.835 GC heap before
{Heap before GC invocations=17 (full 2):
 PSYoungGen      total 81920K, used 74752K [0x00000000e0000000, 0x00000000e5800000, 0x0000000100000000)
  eden space 74752K, 100% used [0x00000000e0000000,0x00000000e4900000,0x00000000e4900000)
  from space 7168K, 0% used [0x00000000e5080000,0x00000000e5080000,0x00000000e5780000)
  to   space 7680K, 0% used [0x00000000e4900000,0x00000000e4900000,0x00000000e5080000)
 ParOldGen       total 42496K, used 14514K [0x00000000a0000000, 0x00000000a2980000, 0x00000000e0000000)
  object space 42496K, 34% used [0x00000000a0000000,0x00000000a0e2cb00,0x00000000a2980000)
 Metaspace       used 38842K, capacity 39562K, committed 39896K, reserved 1083392K
  class space    used 5286K, capacity 5531K, committed 5632K, reserved 1048576K
Event: 30.844 GC heap after
Heap after GC invocations=17 (full 2):
 PSYoungGen      total 82432K, used 7205K [0x00000000e0000000, 0x00000000e7380000, 0x0000000100000000)
  eden space 74752K, 0% used [0x00000000e0000000,0x00000000e0000000,0x00000000e4900000)
  from space 7680K, 93% used [0x00000000e4900000,0x00000000e5009678,0x00000000e5080000)
  to   space 8192K, 0% used [0x00000000e6b80000,0x00000000e6b80000,0x00000000e7380000)
 ParOldGen       total 42496K, used 14522K [0x00000000a0000000, 0x00000000a2980000, 0x00000000e0000000)
  object space 42496K, 34% used [0x00000000a0000000,0x00000000a0e2eb00,0x00000000a2980000)
 Metaspace       used 38842K, capacity 39562K, committed 39896K, reserved 1083392K
  class space    used 5286K, capacity 5531K, committed 5632K, reserved 1048576K
}

