# JRE version: OpenJDK Runtime Environment (8.0_152-b02) (build 1.8.0_152-release-1024-b02)
# Java VM: OpenJDK 64-Bit Server VM (25.152-b02 mixed mode windows-amd64 compressed oops)
Heap:
 PSYoungGen      total 88064K, used 16295K [0x00000000e0000000, 0x00000000e6a00000, 0x0000000100000000)
  eden space 74752K, 4% used [0x00000000e0000000,0x00000000e02eefd8,0x00000000e4900000)
  from space 13312K, 99% used [0x00000000e5800000,0x00000000e64fad90,0x00000000e6500000)
  to   space 15360K, 0% used [0x00000000e4900000,0x00000000e4900000,0x00000000e5800000)
 ParOldGen       total 56832K, used 19690K [0x00000000a0000000, 0x00000000a3780000, 0x00000000e0000000)
  object space 56832K, 34% used [0x00000000a0000000,0x00000000a133a920,0x00000000a3780000)
 Metaspace       used 48498K, capacity 49742K, committed 50008K, reserved 1091584K
  class space    used 6568K, capacity 6914K, committed 7040K, reserved 1048576K
GC Heap History (10 events):
Event: 32.792 GC heap before
{Heap before GC invocations=14 (full 2):
 PSYoungGen      total 54784K, used 8672K [0x00000000e0000000, 0x00000000e4180000, 0x0000000100000000)
  eden space 46080K, 0% used [0x00000000e0000000,0x00000000e0000000,0x00000000e2d00000)
  from space 8704K, 99% used [0x00000000e3680000,0x00000000e3ef8118,0x00000000e3f00000)
  to   space 9728K, 0% used [0x00000000e2d00000,0x00000000e2d00000,0x00000000e3680000)
 ParOldGen       total 36864K, used 9265K [0x00000000a0000000, 0x00000000a2400000, 0x00000000e0000000)
  object space 36864K, 25% used [0x00000000a0000000,0x00000000a090c5b8,0x00000000a2400000)
 Metaspace       used 34756K, capacity 35308K, committed 35416K, reserved 1079296K
  class space    used 4787K, capacity 4972K, committed 4992K, reserved 1048576K
Event: 32.874 GC heap after
Heap after GC invocations=14 (full 2):
 PSYoungGen      total 54784K, used 0K [0x00000000e0000000, 0x00000000e4180000, 0x0000000100000000)
  eden space 46080K, 0% used [0x00000000e0000000,0x00000000e0000000,0x00000000e2d00000)
  from space 8704K, 0% used [0x00000000e3680000,0x00000000e3680000,0x00000000e3f00000)
  to   space 9728K, 0% used [0x00000000e2d00000,0x00000000e2d00000,0x00000000e3680000)
 ParOldGen       total 56832K, used 16114K [0x00000000a0000000, 0x00000000a3780000, 0x00000000e0000000)
  object space 56832K, 28% used [0x00000000a0000000,0x00000000a0fbca38,0x00000000a3780000)
 Metaspace       used 34756K, capacity 35308K, committed 35416K, reserved 1079296K
  class space    used 4787K, capacity 4972K, committed 4992K, reserved 1048576K
}
Event: 34.163 GC heap before
{Heap before GC invocations=15 (full 2):
 PSYoungGen      total 54784K, used 46080K [0x00000000e0000000, 0x00000000e4180000, 0x0000000100000000)
  eden space 46080K, 100% used [0x00000000e0000000,0x00000000e2d00000,0x00000000e2d00000)
  from space 8704K, 0% used [0x00000000e3680000,0x00000000e3680000,0x00000000e3f00000)
  to   space 9728K, 0% used [0x00000000e2d00000,0x00000000e2d00000,0x00000000e3680000)
 ParOldGen       total 56832K, used 16114K [0x00000000a0000000, 0x00000000a3780000, 0x00000000e0000000)
  object space 56832K, 28% used [0x00000000a0000000,0x00000000a0fbca38,0x00000000a3780000)
 Metaspace       used 36689K, capacity 37388K, committed 37464K, reserved 1081344K
  class space    used 5014K, capacity 5238K, committed 5248K, reserved 1048576K
Event: 34.177 GC heap after
Heap after GC invocations=15 (full 2):
 PSYoungGen      total 55808K, used 3376K [0x00000000e0000000, 0x00000000e4e80000, 0x0000000100000000)
  eden space 46080K, 0% used [0x00000000e0000000,0x00000000e0000000,0x00000000e2d00000)
  from space 9728K, 34% used [0x00000000e2d00000,0x00000000e304c2a0,0x00000000e3680000)
  to   space 9728K, 0% used [0x00000000e4500000,0x00000000e4500000,0x00000000e4e80000)
 ParOldGen       total 56832K, used 16122K [0x00000000a0000000, 0x00000000a3780000, 0x00000000e0000000)
  object space 56832K, 28% used [0x00000000a0000000,0x00000000a0fbea38,0x00000000a3780000)
 Metaspace       used 36689K, capacity 37388K, committed 37464K, reserved 1081344K
  class space    used 5014K, capacity 5238K, committed 5248K, reserved 1048576K
}
Event: 36.368 GC heap before
{Heap before GC invocations=16 (full 2):
 PSYoungGen      total 55808K, used 49456K [0x00000000e0000000, 0x00000000e4e80000, 0x0000000100000000)
  eden space 46080K, 100% used [0x00000000e0000000,0x00000000e2d00000,0x00000000e2d00000)
  from space 9728K, 34% used [0x00000000e2d00000,0x00000000e304c2a0,0x00000000e3680000)
  to   space 9728K, 0% used [0x00000000e4500000,0x00000000e4500000,0x00000000e4e80000)
 ParOldGen       total 56832K, used 16122K [0x00000000a0000000, 0x00000000a3780000, 0x00000000e0000000)
  object space 56832K, 28% used [0x00000000a0000000,0x00000000a0fbea38,0x00000000a3780000)
 Metaspace       used 40305K, capacity 41032K, committed 41304K, reserved 1085440K
  class space    used 5490K, capacity 5736K, committed 5760K, reserved 1048576K
Event: 36.382 GC heap after
Heap after GC invocations=16 (full 2):
 PSYoungGen      total 69632K, used 8804K [0x00000000e0000000, 0x00000000e5080000, 0x0000000100000000)
  eden space 59904K, 0% used [0x00000000e0000000,0x00000000e0000000,0x00000000e3a80000)
  from space 9728K, 90% used [0x00000000e4500000,0x00000000e4d990b8,0x00000000e4e80000)
  to   space 10752K, 0% used [0x00000000e3a80000,0x00000000e3a80000,0x00000000e4500000)
 ParOldGen       total 56832K, used 16130K [0x00000000a0000000, 0x00000000a3780000, 0x00000000e0000000)
  object space 56832K, 28% used [0x00000000a0000000,0x00000000a0fc0a38,0x00000000a3780000)
 Metaspace       used 40305K, capacity 41032K, committed 41304K, reserved 1085440K
  class space    used 5490K, capacity 5736K, committed 5760K, reserved 1048576K
}
Event: 53.064 GC heap before
{Heap before GC invocations=17 (full 2):
 PSYoungGen      total 69632K, used 68708K [0x00000000e0000000, 0x00000000e5080000, 0x0000000100000000)
  eden space 59904K, 100% used [0x00000000e0000000,0x00000000e3a80000,0x00000000e3a80000)
  from space 9728K, 90% used [0x00000000e4500000,0x00000000e4d990b8,0x00000000e4e80000)
  to   space 10752K, 0% used [0x00000000e3a80000,0x00000000e3a80000,0x00000000e4500000)
 ParOldGen       total 56832K, used 16130K [0x00000000a0000000, 0x00000000a3780000, 0x00000000e0000000)
  object space 56832K, 28% used [0x00000000a0000000,0x00000000a0fc0a38,0x00000000a3780000)
 Metaspace       used 45529K, capacity 46432K, committed 46680K, reserved 1089536K
  class space    used 6225K, capacity 6487K, committed 6528K, reserved 1048576K
Event: 53.078 GC heap after
Heap after GC invocations=17 (full 2):
 PSYoungGen      total 70656K, used 10748K [0x00000000e0000000, 0x00000000e6500000, 0x0000000100000000)
  eden space 59904K, 0% used [0x00000000e0000000,0x00000000e0000000,0x00000000e3a80000)
  from space 10752K, 99% used [0x00000000e3a80000,0x00000000e44ff300,0x00000000e4500000)
  to   space 13312K, 0% used [0x00000000e5800000,0x00000000e5800000,0x00000000e6500000)
 ParOldGen       total 56832K, used 18576K [0x00000000a0000000, 0x00000000a3780000, 0x00000000e0000000)
  object space 56832K, 32% used [0x00000000a0000000,0x00000000a12240f0,0x00000000a3780000)
 Metaspace       used 45529K, capacity 46432K, committed 46680K, reserved 1089536K
  class space    used 6225K, capacity 6487K, committed 6528K, reserved 1048576K
}
Event: 58.340 GC heap before
{Heap before GC invocations=18 (full 2):
 PSYoungGen      total 70656K, used 70652K [0x00000000e0000000, 0x00000000e6500000, 0x0000000100000000)
  eden space 59904K, 100% used [0x00000000e0000000,0x00000000e3a80000,0x00000000e3a80000)
  from space 10752K, 99% used [0x00000000e3a80000,0x00000000e44ff300,0x00000000e4500000)
  to   space 13312K, 0% used [0x00000000e5800000,0x00000000e5800000,0x00000000e6500000)
 ParOldGen       total 56832K, used 18576K [0x00000000a0000000, 0x00000000a3780000, 0x00000000e0000000)
  object space 56832K, 32% used [0x00000000a0000000,0x00000000a12240f0,0x00000000a3780000)
 Metaspace       used 48284K, capacity 49416K, committed 49624K, reserved 1091584K
  class space    used 6527K, capacity 6857K, committed 6912K, reserved 1048576K
Event: 58.384 GC heap after
Heap after GC invocations=18 (full 2):
 PSYoungGen      total 88064K, used 13291K [0x00000000e0000000, 0x00000000e6a00000, 0x0000000100000000)
  eden space 74752K, 0% used [0x00000000e0000000,0x00000000e0000000,0x00000000e4900000)
  from space 13312K, 99% used [0x00000000e5800000,0x00000000e64fad90,0x00000000e6500000)
  to   space 15360K, 0% used [0x00000000e4900000,0x00000000e4900000,0x00000000e5800000)
 ParOldGen       total 56832K, used 19690K [0x00000000a0000000, 0x00000000a3780000, 0x00000000e0000000)
  object space 56832K, 34% used [0x00000000a0000000,0x00000000a133a920,0x00000000a3780000)
 Metaspace       used 48284K, capacity 49416K, committed 49624K, reserved 1091584K
  class space    used 6527K, capacity 6857K, committed 6912K, reserved 1048576K
}

