# JRE version: OpenJDK Runtime Environment (8.0_152-b02) (build 1.8.0_152-release-1024-b02)
# Java VM: OpenJDK 64-Bit Server VM (25.152-b02 mixed mode windows-amd64 compressed oops)
Heap:
 PSYoungGen      total 130560K, used 49207K [0x00000000e0000000, 0x00000000e8e00000, 0x0000000100000000)
  eden space 118784K, 41% used [0x00000000e0000000,0x00000000e300df28,0x00000000e7400000)
  from space 11776K, 0% used [0x00000000e8280000,0x00000000e8280000,0x00000000e8e00000)
  to   space 10752K, 0% used [0x00000000e7800000,0x00000000e7800000,0x00000000e8280000)
 ParOldGen       total 55296K, used 13593K [0x00000000a0000000, 0x00000000a3600000, 0x00000000e0000000)
  object space 55296K, 24% used [0x00000000a0000000,0x00000000a0d46540,0x00000000a3600000)
 Metaspace       used 36686K, capacity 37388K, committed 37464K, reserved 1081344K
  class space    used 5023K, capacity 5238K, committed 5248K, reserved 1048576K
GC Heap History (10 events):
Event: 14.585 GC heap before
{Heap before GC invocations=6 (full 1):
 PSYoungGen      total 66048K, used 2544K [0x00000000e0000000, 0x00000000e9000000, 0x0000000100000000)
  eden space 63488K, 0% used [0x00000000e0000000,0x00000000e0000000,0x00000000e3e00000)
  from space 2560K, 99% used [0x00000000e3e00000,0x00000000e407c030,0x00000000e4080000)
  to   space 10240K, 0% used [0x00000000e8600000,0x00000000e8600000,0x00000000e9000000)
 ParOldGen       total 42496K, used 13810K [0x00000000a0000000, 0x00000000a2980000, 0x00000000e0000000)
  object space 42496K, 32% used [0x00000000a0000000,0x00000000a0d7ca48,0x00000000a2980000)
 Metaspace       used 20807K, capacity 21184K, committed 21248K, reserved 1067008K
  class space    used 2902K, capacity 3038K, committed 3072K, reserved 1048576K
Event: 14.768 GC heap after
Heap after GC invocations=6 (full 1):
 PSYoungGen      total 66048K, used 0K [0x00000000e0000000, 0x00000000e9000000, 0x0000000100000000)
  eden space 63488K, 0% used [0x00000000e0000000,0x00000000e0000000,0x00000000e3e00000)
  from space 2560K, 0% used [0x00000000e3e00000,0x00000000e3e00000,0x00000000e4080000)
  to   space 10240K, 0% used [0x00000000e8600000,0x00000000e8600000,0x00000000e9000000)
 ParOldGen       total 46080K, used 13341K [0x00000000a0000000, 0x00000000a2d00000, 0x00000000e0000000)
  object space 46080K, 28% used [0x00000000a0000000,0x00000000a0d074e8,0x00000000a2d00000)
 Metaspace       used 20807K, capacity 21184K, committed 21248K, reserved 1067008K
  class space    used 2902K, capacity 3038K, committed 3072K, reserved 1048576K
}
Event: 21.839 GC heap before
{Heap before GC invocations=7 (full 1):
 PSYoungGen      total 66048K, used 63488K [0x00000000e0000000, 0x00000000e9000000, 0x0000000100000000)
  eden space 63488K, 100% used [0x00000000e0000000,0x00000000e3e00000,0x00000000e3e00000)
  from space 2560K, 0% used [0x00000000e3e00000,0x00000000e3e00000,0x00000000e4080000)
  to   space 10240K, 0% used [0x00000000e8600000,0x00000000e8600000,0x00000000e9000000)
 ParOldGen       total 46080K, used 13341K [0x00000000a0000000, 0x00000000a2d00000, 0x00000000e0000000)
  object space 46080K, 28% used [0x00000000a0000000,0x00000000a0d074e8,0x00000000a2d00000)
 Metaspace       used 26530K, capacity 27034K, committed 27136K, reserved 1073152K
  class space    used 3659K, capacity 3827K, committed 3840K, reserved 1048576K
Event: 21.851 GC heap after
Heap after GC invocations=7 (full 1):
 PSYoungGen      total 95744K, used 7142K [0x00000000e0000000, 0x00000000e8d00000, 0x0000000100000000)
  eden space 88576K, 0% used [0x00000000e0000000,0x00000000e0000000,0x00000000e5680000)
  from space 7168K, 99% used [0x00000000e8600000,0x00000000e8cf9998,0x00000000e8d00000)
  to   space 10752K, 0% used [0x00000000e7800000,0x00000000e7800000,0x00000000e8280000)
 ParOldGen       total 46080K, used 13349K [0x00000000a0000000, 0x00000000a2d00000, 0x00000000e0000000)
  object space 46080K, 28% used [0x00000000a0000000,0x00000000a0d094e8,0x00000000a2d00000)
 Metaspace       used 26530K, capacity 27034K, committed 27136K, reserved 1073152K
  class space    used 3659K, capacity 3827K, committed 3840K, reserved 1048576K
}
Event: 55.259 GC heap before
{Heap before GC invocations=8 (full 1):
 PSYoungGen      total 95744K, used 95718K [0x00000000e0000000, 0x00000000e8d00000, 0x0000000100000000)
  eden space 88576K, 100% used [0x00000000e0000000,0x00000000e5680000,0x00000000e5680000)
  from space 7168K, 99% used [0x00000000e8600000,0x00000000e8cf9998,0x00000000e8d00000)
  to   space 10752K, 0% used [0x00000000e7800000,0x00000000e7800000,0x00000000e8280000)
 ParOldGen       total 46080K, used 13349K [0x00000000a0000000, 0x00000000a2d00000, 0x00000000e0000000)
  object space 46080K, 28% used [0x00000000a0000000,0x00000000a0d094e8,0x00000000a2d00000)
 Metaspace       used 34630K, capacity 35170K, committed 35416K, reserved 1079296K
  class space    used 4773K, capacity 4969K, committed 4992K, reserved 1048576K
Event: 55.325 GC heap after
Heap after GC invocations=8 (full 1):
 PSYoungGen      total 129536K, used 10746K [0x00000000e0000000, 0x00000000e8e00000, 0x0000000100000000)
  eden space 118784K, 0% used [0x00000000e0000000,0x00000000e0000000,0x00000000e7400000)
  from space 10752K, 99% used [0x00000000e7800000,0x00000000e827e9a8,0x00000000e8280000)
  to   space 11776K, 0% used [0x00000000e8280000,0x00000000e8280000,0x00000000e8e00000)
 ParOldGen       total 46080K, used 15435K [0x00000000a0000000, 0x00000000a2d00000, 0x00000000e0000000)
  object space 46080K, 33% used [0x00000000a0000000,0x00000000a0f12c18,0x00000000a2d00000)
 Metaspace       used 34630K, capacity 35170K, committed 35416K, reserved 1079296K
  class space    used 4773K, capacity 4969K, committed 4992K, reserved 1048576K
}
Event: 55.524 GC heap before
{Heap before GC invocations=9 (full 1):
 PSYoungGen      total 129536K, used 12762K [0x00000000e0000000, 0x00000000e8e00000, 0x0000000100000000)
  eden space 118784K, 1% used [0x00000000e0000000,0x00000000e01f8120,0x00000000e7400000)
  from space 10752K, 99% used [0x00000000e7800000,0x00000000e827e9a8,0x00000000e8280000)
  to   space 11776K, 0% used [0x00000000e8280000,0x00000000e8280000,0x00000000e8e00000)
 ParOldGen       total 46080K, used 15435K [0x00000000a0000000, 0x00000000a2d00000, 0x00000000e0000000)
  object space 46080K, 33% used [0x00000000a0000000,0x00000000a0f12c18,0x00000000a2d00000)
 Metaspace       used 34753K, capacity 35308K, committed 35416K, reserved 1079296K
  class space    used 4788K, capacity 4972K, committed 4992K, reserved 1048576K
Event: 55.535 GC heap after
Heap after GC invocations=9 (full 1):
 PSYoungGen      total 130560K, used 7040K [0x00000000e0000000, 0x00000000e8e00000, 0x0000000100000000)
  eden space 118784K, 0% used [0x00000000e0000000,0x00000000e0000000,0x00000000e7400000)
  from space 11776K, 59% used [0x00000000e8280000,0x00000000e8960000,0x00000000e8e00000)
  to   space 10752K, 0% used [0x00000000e7800000,0x00000000e7800000,0x00000000e8280000)
 ParOldGen       total 46080K, used 15435K [0x00000000a0000000, 0x00000000a2d00000, 0x00000000e0000000)
  object space 46080K, 33% used [0x00000000a0000000,0x00000000a0f12c18,0x00000000a2d00000)
 Metaspace       used 34753K, capacity 35308K, committed 35416K, reserved 1079296K
  class space    used 4788K, capacity 4972K, committed 4992K, reserved 1048576K
}
Event: 55.536 GC heap before
{Heap before GC invocations=10 (full 2):
 PSYoungGen      total 130560K, used 7040K [0x00000000e0000000, 0x00000000e8e00000, 0x0000000100000000)
  eden space 118784K, 0% used [0x00000000e0000000,0x00000000e0000000,0x00000000e7400000)
  from space 11776K, 59% used [0x00000000e8280000,0x00000000e8960000,0x00000000e8e00000)
  to   space 10752K, 0% used [0x00000000e7800000,0x00000000e7800000,0x00000000e8280000)
 ParOldGen       total 46080K, used 15435K [0x00000000a0000000, 0x00000000a2d00000, 0x00000000e0000000)
  object space 46080K, 33% used [0x00000000a0000000,0x00000000a0f12c18,0x00000000a2d00000)
 Metaspace       used 34753K, capacity 35308K, committed 35416K, reserved 1079296K
  class space    used 4788K, capacity 4972K, committed 4992K, reserved 1048576K
Event: 55.836 GC heap after
Heap after GC invocations=10 (full 2):
 PSYoungGen      total 130560K, used 0K [0x00000000e0000000, 0x00000000e8e00000, 0x0000000100000000)
  eden space 118784K, 0% used [0x00000000e0000000,0x00000000e0000000,0x00000000e7400000)
  from space 11776K, 0% used [0x00000000e8280000,0x00000000e8280000,0x00000000e8e00000)
  to   space 10752K, 0% used [0x00000000e7800000,0x00000000e7800000,0x00000000e8280000)
 ParOldGen       total 55296K, used 13593K [0x00000000a0000000, 0x00000000a3600000, 0x00000000e0000000)
  object space 55296K, 24% used [0x00000000a0000000,0x00000000a0d46540,0x00000000a3600000)
 Metaspace       used 34753K, capacity 35308K, committed 35416K, reserved 1079296K
  class space    used 4788K, capacity 4972K, committed 4992K, reserved 1048576K
}

